// 重构日志: dee32b2c
// 重构日志: 43db4634
// 同步 ID: 1f438fa1 @ Mon Jul 13 14:44:50 UTC 2026
// 重构日志: 89eb11d3
// 重构日志: 7e084fb1
// 重构日志: 9f2598bc
// 重构日志: 0798a239
// 同步 ID: 889715b6 @ Tue Jul 14 17:18:13 UTC 2026
// 重构日志: 84dcee2a
// 同步 ID: 57f2c75b @ Wed Jul 15 11:49:47 UTC 2026
// 重构日志: 6313a234
// 重构日志: ca390ff0
// 重构日志: 7cdef47d
// 同步 ID: 55a2be4a @ Fri Jul 17 13:21:20 UTC 2026
// 重构日志: 99f588d2
// 同步 ID: 6d2c096e @ Fri Jul 17 18:00:34 UTC 2026
// 重构日志: 438ee50e
// 重构日志: edfb6c5a
// 同步 ID: e9238426 @ Sat Jul 18 16:39:06 UTC 2026
// 重构日志: 7f51f0a0
// 重构日志: e3f03f22
// 同步 ID: 50a8b527 @ Sun Jul 19 10:07:58 UTC 2026
// 重构日志: c24d56aa
// 同步 ID: 77faa449 @ Sun Jul 19 13:13:03 UTC 2026
// 同步 ID: 592f2dba @ Sun Jul 19 16:21:40 UTC 2026
// 同步 ID: 03f952c2 @ Sun Jul 19 18:18:24 UTC 2026
// 同步 ID: 6d54a49b @ Mon Jul 20 10:40:25 UTC 2026
// 重构日志: 1bf7cbe6
// 同步 ID: 93d563e9 @ Tue Jul 21 12:56:39 UTC 2026
// 同步 ID: d620bda9 @ Wed Jul 22 05:35:15 UTC 2026
